# JRE version: OpenJDK Runtime Environment Temurin-17.0.7+7 (17.0.7+7) (build 17.0.7+7)
# Java VM: OpenJDK 64-Bit Server VM Temurin-17.0.7+7 (17.0.7+7, mixed mode, emulated-client, tiered, compressed oops, compressed class ptrs, g1 gc, windows-amd64)
GC Precious Log:
 CPUs: 8 total, 8 available
 Memory: 6060M
 Large Page Support: Disabled
 NUMA Support: Disabled
 Compressed Oops: Enabled (32-bit)
 Heap Region Size: 1M
 Heap Min Capacity: 8M
 Heap Initial Capacity: 96M
 Heap Max Capacity: 1G
 Pre-touch: Disabled
 Parallel Workers: 8
 Concurrent Workers: 2
 Concurrent Refinement Workers: 8
 Periodic GC: Disabled
Heap:
 garbage-first heap   total 137216K, used 40333K [0x00000000c0000000, 0x0000000100000000)
  region size 1024K, 1 young (1024K), 0 survivors (0K)
 Metaspace       used 73922K, committed 74752K, reserved 1114112K
  class space    used 10070K, committed 10432K, reserved 1048576K
GC Heap History (20 events):
Event: 15803.558 GC heap before
{Heap before GC invocations=1566 (full 1458):
 garbage-first heap   total 137216K, used 40333K [0x00000000c0000000, 0x0000000100000000)
  region size 1024K, 1 young (1024K), 0 survivors (0K)
 Metaspace       used 73922K, committed 74752K, reserved 1114112K
  class space    used 10070K, committed 10432K, reserved 1048576K
}
Event: 15803.651 GC heap after
{Heap after GC invocations=1567 (full 1459):
 garbage-first heap   total 137216K, used 40333K [0x00000000c0000000, 0x0000000100000000)
  region size 1024K, 0 young (0K), 0 survivors (0K)
 Metaspace       used 73922K, committed 74752K, reserved 1114112K
  class space    used 10070K, committed 10432K, reserved 1048576K
}
Event: 15814.993 GC heap before
{Heap before GC invocations=1567 (full 1459):
 garbage-first heap   total 137216K, used 40333K [0x00000000c0000000, 0x0000000100000000)
  region size 1024K, 1 young (1024K), 0 survivors (0K)
 Metaspace       used 73922K, committed 74752K, reserved 1114112K
  class space    used 10070K, committed 10432K, reserved 1048576K
}
Event: 15815.070 GC heap after
{Heap after GC invocations=1568 (full 1460):
 garbage-first heap   total 137216K, used 40333K [0x00000000c0000000, 0x0000000100000000)
  region size 1024K, 0 young (0K), 0 survivors (0K)
 Metaspace       used 73922K, committed 74752K, reserved 1114112K
  class space    used 10070K, committed 10432K, reserved 1048576K
}
Event: 15825.922 GC heap before
{Heap before GC invocations=1568 (full 1460):
 garbage-first heap   total 137216K, used 40333K [0x00000000c0000000, 0x0000000100000000)
  region size 1024K, 1 young (1024K), 0 survivors (0K)
 Metaspace       used 73922K, committed 74752K, reserved 1114112K
  class space    used 10070K, committed 10432K, reserved 1048576K
}
Event: 15826.003 GC heap after
{Heap after GC invocations=1569 (full 1461):
 garbage-first heap   total 137216K, used 40333K [0x00000000c0000000, 0x0000000100000000)
  region size 1024K, 0 young (0K), 0 survivors (0K)
 Metaspace       used 73922K, committed 74752K, reserved 1114112K
  class space    used 10070K, committed 10432K, reserved 1048576K
}
Event: 15836.334 GC heap before
{Heap before GC invocations=1569 (full 1461):
 garbage-first heap   total 137216K, used 40333K [0x00000000c0000000, 0x0000000100000000)
  region size 1024K, 1 young (1024K), 0 survivors (0K)
 Metaspace       used 73922K, committed 74752K, reserved 1114112K
  class space    used 10070K, committed 10432K, reserved 1048576K
}
Event: 15836.427 GC heap after
{Heap after GC invocations=1570 (full 1462):
 garbage-first heap   total 137216K, used 40333K [0x00000000c0000000, 0x0000000100000000)
  region size 1024K, 0 young (0K), 0 survivors (0K)
 Metaspace       used 73922K, committed 74752K, reserved 1114112K
  class space    used 10070K, committed 10432K, reserved 1048576K
}
Event: 15846.726 GC heap before
{Heap before GC invocations=1570 (full 1462):
 garbage-first heap   total 137216K, used 40333K [0x00000000c0000000, 0x0000000100000000)
  region size 1024K, 1 young (1024K), 0 survivors (0K)
 Metaspace       used 73922K, committed 74752K, reserved 1114112K
  class space    used 10070K, committed 10432K, reserved 1048576K
}
Event: 15846.824 GC heap after
{Heap after GC invocations=1571 (full 1463):
 garbage-first heap   total 137216K, used 40333K [0x00000000c0000000, 0x0000000100000000)
  region size 1024K, 0 young (0K), 0 survivors (0K)
 Metaspace       used 73922K, committed 74752K, reserved 1114112K
  class space    used 10070K, committed 10432K, reserved 1048576K
}
Event: 15856.942 GC heap before
{Heap before GC invocations=1571 (full 1463):
 garbage-first heap   total 137216K, used 40333K [0x00000000c0000000, 0x0000000100000000)
  region size 1024K, 1 young (1024K), 0 survivors (0K)
 Metaspace       used 73922K, committed 74752K, reserved 1114112K
  class space    used 10070K, committed 10432K, reserved 1048576K
}
Event: 15857.037 GC heap after
{Heap after GC invocations=1572 (full 1464):
 garbage-first heap   total 137216K, used 40333K [0x00000000c0000000, 0x0000000100000000)
  region size 1024K, 0 young (0K), 0 survivors (0K)
 Metaspace       used 73922K, committed 74752K, reserved 1114112K
  class space    used 10070K, committed 10432K, reserved 1048576K
}
Event: 15867.140 GC heap before
{Heap before GC invocations=1572 (full 1464):
 garbage-first heap   total 137216K, used 40333K [0x00000000c0000000, 0x0000000100000000)
  region size 1024K, 1 young (1024K), 0 survivors (0K)
 Metaspace       used 73922K, committed 74752K, reserved 1114112K
  class space    used 10070K, committed 10432K, reserved 1048576K
}
Event: 15867.229 GC heap after
{Heap after GC invocations=1573 (full 1465):
 garbage-first heap   total 137216K, used 40333K [0x00000000c0000000, 0x0000000100000000)
  region size 1024K, 0 young (0K), 0 survivors (0K)
 Metaspace       used 73922K, committed 74752K, reserved 1114112K
  class space    used 10070K, committed 10432K, reserved 1048576K
}
Event: 15877.371 GC heap before
{Heap before GC invocations=1573 (full 1465):
 garbage-first heap   total 137216K, used 40333K [0x00000000c0000000, 0x0000000100000000)
  region size 1024K, 1 young (1024K), 0 survivors (0K)
 Metaspace       used 73922K, committed 74752K, reserved 1114112K
  class space    used 10070K, committed 10432K, reserved 1048576K
}
Event: 15877.449 GC heap after
{Heap after GC invocations=1574 (full 1466):
 garbage-first heap   total 137216K, used 40333K [0x00000000c0000000, 0x0000000100000000)
  region size 1024K, 0 young (0K), 0 survivors (0K)
 Metaspace       used 73922K, committed 74752K, reserved 1114112K
  class space    used 10070K, committed 10432K, reserved 1048576K
}
Event: 15887.835 GC heap before
{Heap before GC invocations=1574 (full 1466):
 garbage-first heap   total 137216K, used 40333K [0x00000000c0000000, 0x0000000100000000)
  region size 1024K, 1 young (1024K), 0 survivors (0K)
 Metaspace       used 73922K, committed 74752K, reserved 1114112K
  class space    used 10070K, committed 10432K, reserved 1048576K
}
Event: 15887.913 GC heap after
{Heap after GC invocations=1575 (full 1467):
 garbage-first heap   total 137216K, used 40333K [0x00000000c0000000, 0x0000000100000000)
  region size 1024K, 0 young (0K), 0 survivors (0K)
 Metaspace       used 73922K, committed 74752K, reserved 1114112K
  class space    used 10070K, committed 10432K, reserved 1048576K
}
Event: 15898.770 GC heap before
{Heap before GC invocations=1575 (full 1467):
 garbage-first heap   total 137216K, used 40333K [0x00000000c0000000, 0x0000000100000000)
  region size 1024K, 1 young (1024K), 0 survivors (0K)
 Metaspace       used 73922K, committed 74752K, reserved 1114112K
  class space    used 10070K, committed 10432K, reserved 1048576K
}
Event: 15898.857 GC heap after
{Heap after GC invocations=1576 (full 1468):
 garbage-first heap   total 137216K, used 40333K [0x00000000c0000000, 0x0000000100000000)
  region size 1024K, 0 young (0K), 0 survivors (0K)
 Metaspace       used 73922K, committed 74752K, reserved 1114112K
  class space    used 10070K, committed 10432K, reserved 1048576K
}

